{
  "0 debug pnpm:scope": {
    "selected": 1
  },
  "1 error pnpm": {
    "code": "ELIFECYCLE",
    "errno": "ENOENT",
    "syscall": "spawn",
    "file": "sh",
    "pkgid": "vue3-vite-qiankun@1.0.0",
    "stage": "start",
    "script": "npm-run-all --parallel start:*",
    "pkgname": "vue3-vite-qiankun",
    "err": {
      "name": "pnpm",
      "message": "vue3-vite-qiankun@1.0.0 start: `npm-run-all --parallel start:*`\nspawn ENOENT",
      "code": "ELIFECYCLE",
      "stack": "pnpm: vue3-vite-qiankun@1.0.0 start: `npm-run-all --parallel start:*`\nspawn ENOENT\n    at ChildProcess.<anonymous> (/usr/local/lib/node_modules/pnpm/dist/pnpm.cjs:95169:22)\n    at ChildProcess.emit (events.js:376:20)\n    at maybeClose (internal/child_process.js:1055:16)\n    at Process.ChildProcess._handle.onexit (internal/child_process.js:288:5)"
    }
  },
  "2 warn pnpm:global": " Local package.json exists, but node_modules missing, did you mean to install?"
}